<?xml version="1.0" encoding="UTF-8"?>
<!-- Generated by org.testng.reporters.JUnitReportReporter -->
<testsuite hostname="DESKTOP-F9CGR0U" failures="0" tests="1" name="com.techbee.selenium.TestNG" time="14.116" errors="0" timestamp="2023-08-07T16:45:38 EDT" skipped="0">
  <testcase classname="com.techbee.selenium.TestNG" name="main" time="14.116"/>
</testsuite> <!-- com.techbee.selenium.TestNG -->
