<?xml version="1.0" encoding="UTF-8"?>
<!-- Generated by org.testng.reporters.JUnitReportReporter -->
<testsuite hostname="DESKTOP-F9CGR0U" failures="0" tests="5" name="com.selenium.aspiration.tests.AspirationTest" time="53.713" errors="0" timestamp="2023-08-11T16:33:31 EDT" skipped="0">
  <testcase classname="com.selenium.aspiration.tests.AspirationTest" name="testViewProducts" time="10.753"/>
  <testcase classname="com.selenium.aspiration.tests.AspirationTest" name="testGettingStarted" time="6.342"/>
  <testcase classname="com.selenium.aspiration.tests.AspirationTest" name="testProductPrices" time="6.686"/>
  <testcase classname="com.selenium.aspiration.tests.AspirationTest" name="testIsOptionsChecked" time="22.700"/>
  <testcase classname="com.selenium.aspiration.tests.AspirationTest" name="testSignIn" time="7.232"/>
</testsuite> <!-- com.selenium.aspiration.tests.AspirationTest -->
