<?xml version="1.0" encoding="UTF-8"?>
<!-- Generated by org.testng.reporters.JUnitReportReporter -->
<testsuite hostname="DESKTOP-F9CGR0U" failures="0" tests="5" name="com.selenium.aspiration.tests.AspirationTest" time="57.329" errors="0" timestamp="2023-08-15T16:21:55 EDT" skipped="0">
  <testcase classname="com.selenium.aspiration.tests.AspirationTest" name="testViewProducts" time="8.040"/>
  <testcase classname="com.selenium.aspiration.tests.AspirationTest" name="testGettingStarted" time="6.114"/>
  <testcase classname="com.selenium.aspiration.tests.AspirationTest" name="testIsOptionsChecked" time="22.652"/>
  <testcase classname="com.selenium.aspiration.tests.AspirationTest" name="testSignIn" time="12.744"/>
  <testcase classname="com.selenium.aspiration.tests.AspirationTest" name="testProductPrices" time="7.779"/>
</testsuite> <!-- com.selenium.aspiration.tests.AspirationTest -->
