<?xml version="1.0" encoding="UTF-8"?>
<!-- Generated by org.testng.reporters.JUnitReportReporter -->
<testsuite hostname="DESKTOP-F9CGR0U" failures="0" tests="3" name="com.selenium.aspiration.tests.AspirationTest" time="8.212" errors="0" timestamp="2023-08-11T10:17:42 EDT" skipped="2">
  <testcase classname="com.selenium.aspiration.tests.AspirationTest" name="testGettingStarted" time="8.212"/>
  <testcase classname="com.selenium.aspiration.tests.AspirationTest" name="testViewProducts">
    <skipped/>
  </testcase> <!-- testViewProducts -->
  <testcase classname="com.selenium.aspiration.tests.AspirationTest" name="testSignIn">
    <skipped/>
  </testcase> <!-- testSignIn -->
</testsuite> <!-- com.selenium.aspiration.tests.AspirationTest -->
