<?xml version="1.0" encoding="UTF-8"?>
<!-- Generated by org.testng.reporters.JUnitReportReporter -->
<testsuite hostname="DESKTOP-F9CGR0U" failures="0" tests="4" name="com.selenium.aspiration.tests.AspirationTest" time="8.732" errors="0" timestamp="2023-08-11T11:05:02 EDT" skipped="3">
  <testcase classname="com.selenium.aspiration.tests.AspirationTest" name="testProductPrices" time="8.732"/>
  <testcase classname="com.selenium.aspiration.tests.AspirationTest" name="testViewProducts">
    <skipped/>
  </testcase> <!-- testViewProducts -->
  <testcase classname="com.selenium.aspiration.tests.AspirationTest" name="testSignIn">
    <skipped/>
  </testcase> <!-- testSignIn -->
  <testcase classname="com.selenium.aspiration.tests.AspirationTest" name="testGettingStarted">
    <skipped/>
  </testcase> <!-- testGettingStarted -->
</testsuite> <!-- com.selenium.aspiration.tests.AspirationTest -->
