<?xml version="1.0" encoding="UTF-8"?>
<!-- Generated by org.testng.reporters.JUnitReportReporter -->
<testsuite hostname="DESKTOP-F9CGR0U" failures="0" tests="5" name="com.selenium.aspiration.tests.AspirationTest" time="6.510" errors="0" timestamp="2023-08-11T16:17:46 EDT" skipped="4">
  <testcase classname="com.selenium.aspiration.tests.AspirationTest" name="testGettingStarted" time="6.510"/>
  <testcase classname="com.selenium.aspiration.tests.AspirationTest" name="testViewProducts">
    <skipped/>
  </testcase> <!-- testViewProducts -->
  <testcase classname="com.selenium.aspiration.tests.AspirationTest" name="testSignIn">
    <skipped/>
  </testcase> <!-- testSignIn -->
  <testcase classname="com.selenium.aspiration.tests.AspirationTest" name="testProductPrices">
    <skipped/>
  </testcase> <!-- testProductPrices -->
  <testcase classname="com.selenium.aspiration.tests.AspirationTest" name="testIsOptionsChecked">
    <skipped/>
  </testcase> <!-- testIsOptionsChecked -->
</testsuite> <!-- com.selenium.aspiration.tests.AspirationTest -->
