<?xml version="1.0" encoding="UTF-8"?>
<!-- Generated by org.testng.reporters.JUnitReportReporter -->
<testsuite hostname="DESKTOP-F9CGR0U" failures="0" tests="1" name="com.techbee.selenium.testng.tests.EbaySearchTest" time="12.914" errors="0" timestamp="2023-08-07T17:47:29 EDT" skipped="0">
  <testcase classname="com.techbee.selenium.testng.tests.EbaySearchTest" name="init" time="12.914"/>
</testsuite> <!-- com.techbee.selenium.testng.tests.EbaySearchTest -->
